mode: set
github.com/ralvarezdev/go-espn/internal/tests/api_test_skeleton.go:28.44,33.2 4 0
github.com/ralvarezdev/go-espn/internal/tests/api_test_skeleton.go:36.52,41.2 4 0
github.com/ralvarezdev/go-espn/internal/tests/api_test_skeleton.go:44.43,49.2 4 0
github.com/ralvarezdev/go-espn/internal/tests/api_test_skeleton.go:52.42,57.2 4 0
github.com/ralvarezdev/go-espn/internal/tests/api_test_skeleton.go:60.40,65.2 4 0
github.com/ralvarezdev/go-espn/internal/tests/api_test_skeleton.go:68.38,73.2 4 0
github.com/ralvarezdev/go-espn/internal/tests/api_test_skeleton.go:76.43,81.2 4 0
github.com/ralvarezdev/go-espn/internal/tests/api_test_skeleton.go:84.36,89.2 4 0
github.com/ralvarezdev/go-espn/internal/tests/api_test_skeleton.go:92.43,97.2 4 0
github.com/ralvarezdev/go-espn/internal/tests/api_test_skeleton.go:100.47,104.2 3 0
github.com/ralvarezdev/go-espn/internal/tests/api_test_skeleton.go:107.44,111.2 3 0
github.com/ralvarezdev/go-espn/internal/tests/api_test_skeleton.go:114.48,116.2 1 0
github.com/ralvarezdev/go-espn/client.go:43.35,44.25 1 1
github.com/ralvarezdev/go-espn/client.go:44.25,44.42 1 1
github.com/ralvarezdev/go-espn/client.go:50.42,51.25 1 1
github.com/ralvarezdev/go-espn/client.go:51.25,51.68 1 1
github.com/ralvarezdev/go-espn/client.go:56.45,57.25 1 1
github.com/ralvarezdev/go-espn/client.go:57.25,57.46 1 1
github.com/ralvarezdev/go-espn/client.go:61.38,62.25 1 1
github.com/ralvarezdev/go-espn/client.go:62.25,62.45 1 1
github.com/ralvarezdev/go-espn/client.go:66.34,72.27 2 1
github.com/ralvarezdev/go-espn/client.go:72.27,74.3 1 1
github.com/ralvarezdev/go-espn/client.go:75.2,75.10 1 1
github.com/ralvarezdev/go-espn/client.go:81.71,83.16 2 1
github.com/ralvarezdev/go-espn/client.go:83.16,85.3 1 0
github.com/ralvarezdev/go-espn/client.go:86.2,89.16 3 1
github.com/ralvarezdev/go-espn/client.go:89.16,91.3 1 0
github.com/ralvarezdev/go-espn/client.go:92.2,94.38 2 1
github.com/ralvarezdev/go-espn/client.go:94.38,96.76 2 1
github.com/ralvarezdev/go-espn/client.go:96.76,98.4 1 1
github.com/ralvarezdev/go-espn/client.go:99.3,99.67 1 1
github.com/ralvarezdev/go-espn/client.go:102.2,102.61 1 1
github.com/ralvarezdev/go-espn/client.go:102.61,104.3 1 1
github.com/ralvarezdev/go-espn/client.go:105.2,105.12 1 1
github.com/ralvarezdev/go-espn/errors.go:18.35,20.2 1 1
github.com/ralvarezdev/go-espn/errors.go:23.42,25.2 1 1
github.com/ralvarezdev/go-espn/scoreboard.go:29.45,30.35 1 1
github.com/ralvarezdev/go-espn/scoreboard.go:30.35,30.50 1 1
github.com/ralvarezdev/go-espn/scoreboard.go:42.32,44.27 2 1
github.com/ralvarezdev/go-espn/scoreboard.go:44.27,46.3 1 1
github.com/ralvarezdev/go-espn/scoreboard.go:48.2,54.21 2 1
github.com/ralvarezdev/go-espn/scoreboard.go:54.21,58.3 3 1
github.com/ralvarezdev/go-espn/scoreboard.go:60.2,61.47 2 1
github.com/ralvarezdev/go-espn/scoreboard.go:61.47,68.3 1 1
github.com/ralvarezdev/go-espn/scoreboard.go:69.2,69.21 1 1
github.com/ralvarezdev/go-espn/summary.go:109.29,121.47 5 1
github.com/ralvarezdev/go-espn/summary.go:121.47,129.3 1 1
github.com/ralvarezdev/go-espn/summary.go:130.2,130.21 1 1
github.com/ralvarezdev/go-espn/types.go:33.50,35.28 2 1
github.com/ralvarezdev/go-espn/types.go:35.28,37.3 1 1
github.com/ralvarezdev/go-espn/types.go:38.2,38.41 1 1
github.com/ralvarezdev/go-espn/types.go:38.41,39.55 1 1
github.com/ralvarezdev/go-espn/types.go:39.55,42.4 2 1
github.com/ralvarezdev/go-espn/types.go:44.2,44.52 1 1
